The system is: Linux - 4.2.0-27-generic - x86_64
Compiling the C compiler identification source file "CMakeCCompilerId.c" succeeded.
Compiler: /usr/bin/cc 
Build flags: 
Id flags: 

The output was:
0


Compilation of the C compiler identification source "CMakeCCompilerId.c" produced "a.out"

The C compiler identification is GNU, found in "/home/abhishek/iiit/project_final_cpp/cair_final/cair_online/build/CMakeFiles/2.8.12.2/CompilerIdC/a.out"

Compiling the CXX compiler identification source file "CMakeCXXCompilerId.cpp" succeeded.
Compiler: /usr/bin/c++ 
Build flags: 
Id flags: 

The output was:
0


Compilation of the CXX compiler identification source "CMakeCXXCompilerId.cpp" produced "a.out"

The CXX compiler identification is GNU, found in "/home/abhishek/iiit/project_final_cpp/cair_final/cair_online/build/CMakeFiles/2.8.12.2/CompilerIdCXX/a.out"

Determining if the C compiler works passed with the following output:
Change Dir: /home/abhishek/iiit/project_final_cpp/cair_final/cair_online/build/CMakeFiles/CMakeTmp

Run Build Command:/usr/bin/make "cmTryCompileExec766890606/fast"
/usr/bin/make -f CMakeFiles/cmTryCompileExec766890606.dir/build.make CMakeFiles/cmTryCompileExec766890606.dir/build
make[1]: Entering directory `/home/abhishek/iiit/project_final_cpp/cair_final/cair_online/build/CMakeFiles/CMakeTmp'
/usr/bin/cmake -E cmake_progress_report /home/abhishek/iiit/project_final_cpp/cair_final/cair_online/build/CMakeFiles/CMakeTmp/CMakeFiles 1
Building C object CMakeFiles/cmTryCompileExec766890606.dir/testCCompiler.c.o
/usr/bin/cc    -o CMakeFiles/cmTryCompileExec766890606.dir/testCCompiler.c.o   -c /home/abhishek/iiit/project_final_cpp/cair_final/cair_online/build/CMakeFiles/CMakeTmp/testCCompiler.c
Linking C executable cmTryCompileExec766890606
/usr/bin/cmake -E cmake_link_script CMakeFiles/cmTryCompileExec766890606.dir/link.txt --verbose=1
/usr/bin/cc       CMakeFiles/cmTryCompileExec766890606.dir/testCCompiler.c.o  -o cmTryCompileExec766890606 -rdynamic 
make[1]: Leaving directory `/home/abhishek/iiit/project_final_cpp/cair_final/cair_online/build/CMakeFiles/CMakeTmp'


Detecting C compiler ABI info compiled with the following output:
Change Dir: /home/abhishek/iiit/project_final_cpp/cair_final/cair_online/build/CMakeFiles/CMakeTmp

Run Build Command:/usr/bin/make "cmTryCompileExec336340434/fast"
/usr/bin/make -f CMakeFiles/cmTryCompileExec336340434.dir/build.make CMakeFiles/cmTryCompileExec336340434.dir/build
make[1]: Entering directory `/home/abhishek/iiit/project_final_cpp/cair_final/cair_online/build/CMakeFiles/CMakeTmp'
/usr/bin/cmake -E cmake_progress_report /home/abhishek/iiit/project_final_cpp/cair_final/cair_online/build/CMakeFiles/CMakeTmp/CMakeFiles 1
Building C object CMakeFiles/cmTryCompileExec336340434.dir/CMakeCCompilerABI.c.o
/usr/bin/cc    -o CMakeFiles/cmTryCompileExec336340434.dir/CMakeCCompilerABI.c.o   -c /usr/share/cmake-2.8/Modules/CMakeCCompilerABI.c
Linking C executable cmTryCompileExec336340434
/usr/bin/cmake -E cmake_link_script CMakeFiles/cmTryCompileExec336340434.dir/link.txt --verbose=1
/usr/bin/cc     -v CMakeFiles/cmTryCompileExec336340434.dir/CMakeCCompilerABI.c.o  -o cmTryCompileExec336340434 -rdynamic  
Using built-in specs.
COLLECT_GCC=/usr/bin/cc
COLLECT_LTO_WRAPPER=/usr/lib/gcc/x86_64-linux-gnu/4.8/lto-wrapper
Target: x86_64-linux-gnu
Configured with: ../src/configure -v --with-pkgversion='Ubuntu 4.8.4-2ubuntu1~14.04.3' --with-bugurl=file:///usr/share/doc/gcc-4.8/README.Bugs --enable-languages=c,c++,java,go,d,fortran,objc,obj-c++ --prefix=/usr --program-suffix=-4.8 --enable-shared --enable-linker-build-id --libexecdir=/usr/lib --without-included-gettext --enable-threads=posix --with-gxx-include-dir=/usr/include/c++/4.8 --libdir=/usr/lib --enable-nls --with-sysroot=/ --enable-clocale=gnu --enable-libstdcxx-debug --enable-libstdcxx-time=yes --enable-gnu-unique-object --disable-libmudflap --enable-plugin --with-system-zlib --disable-browser-plugin --enable-java-awt=gtk --enable-gtk-cairo --with-java-home=/usr/lib/jvm/java-1.5.0-gcj-4.8-amd64/jre --enable-java-home --with-jvm-root-dir=/usr/lib/jvm/java-1.5.0-gcj-4.8-amd64 --with-jvm-jar-dir=/usr/lib/jvm-exports/java-1.5.0-gcj-4.8-amd64 --with-arch-directory=amd64 --with-ecj-jar=/usr/share/java/eclipse-ecj.jar --enable-objc-gc --enable-multiarch --disable-werror --with-arch-32=i686 --with-abi=m64 --with-multilib-list=m32,m64,mx32 --with-tune=generic --enable-checking=release --build=x86_64-linux-gnu --host=x86_64-linux-gnu --target=x86_64-linux-gnu
Thread model: posix
gcc version 4.8.4 (Ubuntu 4.8.4-2ubuntu1~14.04.3) 
COMPILER_PATH=/usr/lib/gcc/x86_64-linux-gnu/4.8/:/usr/lib/gcc/x86_64-linux-gnu/4.8/:/usr/lib/gcc/x86_64-linux-gnu/:/usr/lib/gcc/x86_64-linux-gnu/4.8/:/usr/lib/gcc/x86_64-linux-gnu/
LIBRARY_PATH=/usr/lib/gcc/x86_64-linux-gnu/4.8/:/usr/lib/gcc/x86_64-linux-gnu/4.8/../../../x86_64-linux-gnu/:/usr/lib/gcc/x86_64-linux-gnu/4.8/../../../../lib/:/lib/x86_64-linux-gnu/:/lib/../lib/:/usr/lib/x86_64-linux-gnu/:/usr/lib/../lib/:/usr/lib/gcc/x86_64-linux-gnu/4.8/../../../:/lib/:/usr/lib/
COLLECT_GCC_OPTIONS='-v' '-o' 'cmTryCompileExec336340434' '-rdynamic' '-mtune=generic' '-march=x86-64'
 /usr/lib/gcc/x86_64-linux-gnu/4.8/collect2 --sysroot=/ --build-id --eh-frame-hdr -m elf_x86_64 --hash-style=gnu --as-needed -export-dynamic -dynamic-linker /lib64/ld-linux-x86-64.so.2 -z relro -o cmTryCompileExec336340434 /usr/lib/gcc/x86_64-linux-gnu/4.8/../../../x86_64-linux-gnu/crt1.o /usr/lib/gcc/x86_64-linux-gnu/4.8/../../../x86_64-linux-gnu/crti.o /usr/lib/gcc/x86_64-linux-gnu/4.8/crtbegin.o -L/usr/lib/gcc/x86_64-linux-gnu/4.8 -L/usr/lib/gcc/x86_64-linux-gnu/4.8/../../../x86_64-linux-gnu -L/usr/lib/gcc/x86_64-linux-gnu/4.8/../../../../lib -L/lib/x86_64-linux-gnu -L/lib/../lib -L/usr/lib/x86_64-linux-gnu -L/usr/lib/../lib -L/usr/lib/gcc/x86_64-linux-gnu/4.8/../../.. CMakeFiles/cmTryCompileExec336340434.dir/CMakeCCompilerABI.c.o -lgcc --as-needed -lgcc_s --no-as-needed -lc -lgcc --as-needed -lgcc_s --no-as-needed /usr/lib/gcc/x86_64-linux-gnu/4.8/crtend.o /usr/lib/gcc/x86_64-linux-gnu/4.8/../../../x86_64-linux-gnu/crtn.o
make[1]: Leaving directory `/home/abhishek/iiit/project_final_cpp/cair_final/cair_online/build/CMakeFiles/CMakeTmp'


Parsed C implicit link information from above output:
  link line regex: [^( *|.*[/\])(ld|([^/\]+-)?ld|collect2)[^/\]*( |$)]
  ignore line: [Change Dir: /home/abhishek/iiit/project_final_cpp/cair_final/cair_online/build/CMakeFiles/CMakeTmp]
  ignore line: []
  ignore line: [Run Build Command:/usr/bin/make "cmTryCompileExec336340434/fast"]
  ignore line: [/usr/bin/make -f CMakeFiles/cmTryCompileExec336340434.dir/build.make CMakeFiles/cmTryCompileExec336340434.dir/build]
  ignore line: [make[1]: Entering directory `/home/abhishek/iiit/project_final_cpp/cair_final/cair_online/build/CMakeFiles/CMakeTmp']
  ignore line: [/usr/bin/cmake -E cmake_progress_report /home/abhishek/iiit/project_final_cpp/cair_final/cair_online/build/CMakeFiles/CMakeTmp/CMakeFiles 1]
  ignore line: [Building C object CMakeFiles/cmTryCompileExec336340434.dir/CMakeCCompilerABI.c.o]
  ignore line: [/usr/bin/cc    -o CMakeFiles/cmTryCompileExec336340434.dir/CMakeCCompilerABI.c.o   -c /usr/share/cmake-2.8/Modules/CMakeCCompilerABI.c]
  ignore line: [Linking C executable cmTryCompileExec336340434]
  ignore line: [/usr/bin/cmake -E cmake_link_script CMakeFiles/cmTryCompileExec336340434.dir/link.txt --verbose=1]
  ignore line: [/usr/bin/cc     -v CMakeFiles/cmTryCompileExec336340434.dir/CMakeCCompilerABI.c.o  -o cmTryCompileExec336340434 -rdynamic  ]
  ignore line: [Using built-in specs.]
  ignore line: [COLLECT_GCC=/usr/bin/cc]
  ignore line: [COLLECT_LTO_WRAPPER=/usr/lib/gcc/x86_64-linux-gnu/4.8/lto-wrapper]
  ignore line: [Target: x86_64-linux-gnu]
  ignore line: [Configured with: ../src/configure -v --with-pkgversion='Ubuntu 4.8.4-2ubuntu1~14.04.3' --with-bugurl=file:///usr/share/doc/gcc-4.8/README.Bugs --enable-languages=c,c++,java,go,d,fortran,objc,obj-c++ --prefix=/usr --program-suffix=-4.8 --enable-shared --enable-linker-build-id --libexecdir=/usr/lib --without-included-gettext --enable-threads=posix --with-gxx-include-dir=/usr/include/c++/4.8 --libdir=/usr/lib --enable-nls --with-sysroot=/ --enable-clocale=gnu --enable-libstdcxx-debug --enable-libstdcxx-time=yes --enable-gnu-unique-object --disable-libmudflap --enable-plugin --with-system-zlib --disable-browser-plugin --enable-java-awt=gtk --enable-gtk-cairo --with-java-home=/usr/lib/jvm/java-1.5.0-gcj-4.8-amd64/jre --enable-java-home --with-jvm-root-dir=/usr/lib/jvm/java-1.5.0-gcj-4.8-amd64 --with-jvm-jar-dir=/usr/lib/jvm-exports/java-1.5.0-gcj-4.8-amd64 --with-arch-directory=amd64 --with-ecj-jar=/usr/share/java/eclipse-ecj.jar --enable-objc-gc --enable-multiarch --disable-werror --with-arch-32=i686 --with-abi=m64 --with-multilib-list=m32,m64,mx32 --with-tune=generic --enable-checking=release --build=x86_64-linux-gnu --host=x86_64-linux-gnu --target=x86_64-linux-gnu]
  ignore line: [Thread model: posix]
  ignore line: [gcc version 4.8.4 (Ubuntu 4.8.4-2ubuntu1~14.04.3) ]
  ignore line: [COMPILER_PATH=/usr/lib/gcc/x86_64-linux-gnu/4.8/:/usr/lib/gcc/x86_64-linux-gnu/4.8/:/usr/lib/gcc/x86_64-linux-gnu/:/usr/lib/gcc/x86_64-linux-gnu/4.8/:/usr/lib/gcc/x86_64-linux-gnu/]
  ignore line: [LIBRARY_PATH=/usr/lib/gcc/x86_64-linux-gnu/4.8/:/usr/lib/gcc/x86_64-linux-gnu/4.8/../../../x86_64-linux-gnu/:/usr/lib/gcc/x86_64-linux-gnu/4.8/../../../../lib/:/lib/x86_64-linux-gnu/:/lib/../lib/:/usr/lib/x86_64-linux-gnu/:/usr/lib/../lib/:/usr/lib/gcc/x86_64-linux-gnu/4.8/../../../:/lib/:/usr/lib/]
  ignore line: [COLLECT_GCC_OPTIONS='-v' '-o' 'cmTryCompileExec336340434' '-rdynamic' '-mtune=generic' '-march=x86-64']
  link line: [ /usr/lib/gcc/x86_64-linux-gnu/4.8/collect2 --sysroot=/ --build-id --eh-frame-hdr -m elf_x86_64 --hash-style=gnu --as-needed -export-dynamic -dynamic-linker /lib64/ld-linux-x86-64.so.2 -z relro -o cmTryCompileExec336340434 /usr/lib/gcc/x86_64-linux-gnu/4.8/../../../x86_64-linux-gnu/crt1.o /usr/lib/gcc/x86_64-linux-gnu/4.8/../../../x86_64-linux-gnu/crti.o /usr/lib/gcc/x86_64-linux-gnu/4.8/crtbegin.o -L/usr/lib/gcc/x86_64-linux-gnu/4.8 -L/usr/lib/gcc/x86_64-linux-gnu/4.8/../../../x86_64-linux-gnu -L/usr/lib/gcc/x86_64-linux-gnu/4.8/../../../../lib -L/lib/x86_64-linux-gnu -L/lib/../lib -L/usr/lib/x86_64-linux-gnu -L/usr/lib/../lib -L/usr/lib/gcc/x86_64-linux-gnu/4.8/../../.. CMakeFiles/cmTryCompileExec336340434.dir/CMakeCCompilerABI.c.o -lgcc --as-needed -lgcc_s --no-as-needed -lc -lgcc --as-needed -lgcc_s --no-as-needed /usr/lib/gcc/x86_64-linux-gnu/4.8/crtend.o /usr/lib/gcc/x86_64-linux-gnu/4.8/../../../x86_64-linux-gnu/crtn.o]
    arg [/usr/lib/gcc/x86_64-linux-gnu/4.8/collect2] ==> ignore
    arg [--sysroot=/] ==> ignore
    arg [--build-id] ==> ignore
    arg [--eh-frame-hdr] ==> ignore
    arg [-m] ==> ignore
    arg [elf_x86_64] ==> ignore
    arg [--hash-style=gnu] ==> ignore
    arg [--as-needed] ==> ignore
    arg [-export-dynamic] ==> ignore
    arg [-dynamic-linker] ==> ignore
    arg [/lib64/ld-linux-x86-64.so.2] ==> ignore
    arg [-zrelro] ==> ignore
    arg [-o] ==> ignore
    arg [cmTryCompileExec336340434] ==> ignore
    arg [/usr/lib/gcc/x86_64-linux-gnu/4.8/../../../x86_64-linux-gnu/crt1.o] ==> ignore
    arg [/usr/lib/gcc/x86_64-linux-gnu/4.8/../../../x86_64-linux-gnu/crti.o] ==> ignore
    arg [/usr/lib/gcc/x86_64-linux-gnu/4.8/crtbegin.o] ==> ignore
    arg [-L/usr/lib/gcc/x86_64-linux-gnu/4.8] ==> dir [/usr/lib/gcc/x86_64-linux-gnu/4.8]
    arg [-L/usr/lib/gcc/x86_64-linux-gnu/4.8/../../../x86_64-linux-gnu] ==> dir [/usr/lib/gcc/x86_64-linux-gnu/4.8/../../../x86_64-linux-gnu]
    arg [-L/usr/lib/gcc/x86_64-linux-gnu/4.8/../../../../lib] ==> dir [/usr/lib/gcc/x86_64-linux-gnu/4.8/../../../../lib]
    arg [-L/lib/x86_64-linux-gnu] ==> dir [/lib/x86_64-linux-gnu]
    arg [-L/lib/../lib] ==> dir [/lib/../lib]
    arg [-L/usr/lib/x86_64-linux-gnu] ==> dir [/usr/lib/x86_64-linux-gnu]
    arg [-L/usr/lib/../lib] ==> dir [/usr/lib/../lib]
    arg [-L/usr/lib/gcc/x86_64-linux-gnu/4.8/../../..] ==> dir [/usr/lib/gcc/x86_64-linux-gnu/4.8/../../..]
    arg [CMakeFiles/cmTryCompileExec336340434.dir/CMakeCCompilerABI.c.o] ==> ignore
    arg [-lgcc] ==> lib [gcc]
    arg [--as-needed] ==> ignore
    arg [-lgcc_s] ==> lib [gcc_s]
    arg [--no-as-needed] ==> ignore
    arg [-lc] ==> lib [c]
    arg [-lgcc] ==> lib [gcc]
    arg [--as-needed] ==> ignore
    arg [-lgcc_s] ==> lib [gcc_s]
    arg [--no-as-needed] ==> ignore
    arg [/usr/lib/gcc/x86_64-linux-gnu/4.8/crtend.o] ==> ignore
    arg [/usr/lib/gcc/x86_64-linux-gnu/4.8/../../../x86_64-linux-gnu/crtn.o] ==> ignore
  remove lib [gcc]
  remove lib [gcc_s]
  remove lib [gcc]
  remove lib [gcc_s]
  collapse library dir [/usr/lib/gcc/x86_64-linux-gnu/4.8] ==> [/usr/lib/gcc/x86_64-linux-gnu/4.8]
  collapse library dir [/usr/lib/gcc/x86_64-linux-gnu/4.8/../../../x86_64-linux-gnu] ==> [/usr/lib/x86_64-linux-gnu]
  collapse library dir [/usr/lib/gcc/x86_64-linux-gnu/4.8/../../../../lib] ==> [/usr/lib]
  collapse library dir [/lib/x86_64-linux-gnu] ==> [/lib/x86_64-linux-gnu]
  collapse library dir [/lib/../lib] ==> [/lib]
  collapse library dir [/usr/lib/x86_64-linux-gnu] ==> [/usr/lib/x86_64-linux-gnu]
  collapse library dir [/usr/lib/../lib] ==> [/usr/lib]
  collapse library dir [/usr/lib/gcc/x86_64-linux-gnu/4.8/../../..] ==> [/usr/lib]
  implicit libs: [c]
  implicit dirs: [/usr/lib/gcc/x86_64-linux-gnu/4.8;/usr/lib/x86_64-linux-gnu;/usr/lib;/lib/x86_64-linux-gnu;/lib]
  implicit fwks: []


Determining if the CXX compiler works passed with the following output:
Change Dir: /home/abhishek/iiit/project_final_cpp/cair_final/cair_online/build/CMakeFiles/CMakeTmp

Run Build Command:/usr/bin/make "cmTryCompileExec3214373498/fast"
/usr/bin/make -f CMakeFiles/cmTryCompileExec3214373498.dir/build.make CMakeFiles/cmTryCompileExec3214373498.dir/build
make[1]: Entering directory `/home/abhishek/iiit/project_final_cpp/cair_final/cair_online/build/CMakeFiles/CMakeTmp'
/usr/bin/cmake -E cmake_progress_report /home/abhishek/iiit/project_final_cpp/cair_final/cair_online/build/CMakeFiles/CMakeTmp/CMakeFiles 1
Building CXX object CMakeFiles/cmTryCompileExec3214373498.dir/testCXXCompiler.cxx.o
/usr/bin/c++     -o CMakeFiles/cmTryCompileExec3214373498.dir/testCXXCompiler.cxx.o -c /home/abhishek/iiit/project_final_cpp/cair_final/cair_online/build/CMakeFiles/CMakeTmp/testCXXCompiler.cxx
Linking CXX executable cmTryCompileExec3214373498
/usr/bin/cmake -E cmake_link_script CMakeFiles/cmTryCompileExec3214373498.dir/link.txt --verbose=1
/usr/bin/c++        CMakeFiles/cmTryCompileExec3214373498.dir/testCXXCompiler.cxx.o  -o cmTryCompileExec3214373498 -rdynamic 
make[1]: Leaving directory `/home/abhishek/iiit/project_final_cpp/cair_final/cair_online/build/CMakeFiles/CMakeTmp'


Detecting CXX compiler ABI info compiled with the following output:
Change Dir: /home/abhishek/iiit/project_final_cpp/cair_final/cair_online/build/CMakeFiles/CMakeTmp

Run Build Command:/usr/bin/make "cmTryCompileExec1360598192/fast"
/usr/bin/make -f CMakeFiles/cmTryCompileExec1360598192.dir/build.make CMakeFiles/cmTryCompileExec1360598192.dir/build
make[1]: Entering directory `/home/abhishek/iiit/project_final_cpp/cair_final/cair_online/build/CMakeFiles/CMakeTmp'
/usr/bin/cmake -E cmake_progress_report /home/abhishek/iiit/project_final_cpp/cair_final/cair_online/build/CMakeFiles/CMakeTmp/CMakeFiles 1
Building CXX object CMakeFiles/cmTryCompileExec1360598192.dir/CMakeCXXCompilerABI.cpp.o
/usr/bin/c++     -o CMakeFiles/cmTryCompileExec1360598192.dir/CMakeCXXCompilerABI.cpp.o -c /usr/share/cmake-2.8/Modules/CMakeCXXCompilerABI.cpp
Linking CXX executable cmTryCompileExec1360598192
/usr/bin/cmake -E cmake_link_script CMakeFiles/cmTryCompileExec1360598192.dir/link.txt --verbose=1
/usr/bin/c++      -v CMakeFiles/cmTryCompileExec1360598192.dir/CMakeCXXCompilerABI.cpp.o  -o cmTryCompileExec1360598192 -rdynamic  
Using built-in specs.
COLLECT_GCC=/usr/bin/c++
COLLECT_LTO_WRAPPER=/usr/lib/gcc/x86_64-linux-gnu/4.8/lto-wrapper
Target: x86_64-linux-gnu
Configured with: ../src/configure -v --with-pkgversion='Ubuntu 4.8.4-2ubuntu1~14.04.3' --with-bugurl=file:///usr/share/doc/gcc-4.8/README.Bugs --enable-languages=c,c++,java,go,d,fortran,objc,obj-c++ --prefix=/usr --program-suffix=-4.8 --enable-shared --enable-linker-build-id --libexecdir=/usr/lib --without-included-gettext --enable-threads=posix --with-gxx-include-dir=/usr/include/c++/4.8 --libdir=/usr/lib --enable-nls --with-sysroot=/ --enable-clocale=gnu --enable-libstdcxx-debug --enable-libstdcxx-time=yes --enable-gnu-unique-object --disable-libmudflap --enable-plugin --with-system-zlib --disable-browser-plugin --enable-java-awt=gtk --enable-gtk-cairo --with-java-home=/usr/lib/jvm/java-1.5.0-gcj-4.8-amd64/jre --enable-java-home --with-jvm-root-dir=/usr/lib/jvm/java-1.5.0-gcj-4.8-amd64 --with-jvm-jar-dir=/usr/lib/jvm-exports/java-1.5.0-gcj-4.8-amd64 --with-arch-directory=amd64 --with-ecj-jar=/usr/share/java/eclipse-ecj.jar --enable-objc-gc --enable-multiarch --disable-werror --with-arch-32=i686 --with-abi=m64 --with-multilib-list=m32,m64,mx32 --with-tune=generic --enable-checking=release --build=x86_64-linux-gnu --host=x86_64-linux-gnu --target=x86_64-linux-gnu
Thread model: posix
gcc version 4.8.4 (Ubuntu 4.8.4-2ubuntu1~14.04.3) 
COMPILER_PATH=/usr/lib/gcc/x86_64-linux-gnu/4.8/:/usr/lib/gcc/x86_64-linux-gnu/4.8/:/usr/lib/gcc/x86_64-linux-gnu/:/usr/lib/gcc/x86_64-linux-gnu/4.8/:/usr/lib/gcc/x86_64-linux-gnu/
LIBRARY_PATH=/usr/lib/gcc/x86_64-linux-gnu/4.8/:/usr/lib/gcc/x86_64-linux-gnu/4.8/../../../x86_64-linux-gnu/:/usr/lib/gcc/x86_64-linux-gnu/4.8/../../../../lib/:/lib/x86_64-linux-gnu/:/lib/../lib/:/usr/lib/x86_64-linux-gnu/:/usr/lib/../lib/:/usr/lib/gcc/x86_64-linux-gnu/4.8/../../../:/lib/:/usr/lib/
COLLECT_GCC_OPTIONS='-v' '-o' 'cmTryCompileExec1360598192' '-rdynamic' '-shared-libgcc' '-mtune=generic' '-march=x86-64'
 /usr/lib/gcc/x86_64-linux-gnu/4.8/collect2 --sysroot=/ --build-id --eh-frame-hdr -m elf_x86_64 --hash-style=gnu --as-needed -export-dynamic -dynamic-linker /lib64/ld-linux-x86-64.so.2 -z relro -o cmTryCompileExec1360598192 /usr/lib/gcc/x86_64-linux-gnu/4.8/../../../x86_64-linux-gnu/crt1.o /usr/lib/gcc/x86_64-linux-gnu/4.8/../../../x86_64-linux-gnu/crti.o /usr/lib/gcc/x86_64-linux-gnu/4.8/crtbegin.o -L/usr/lib/gcc/x86_64-linux-gnu/4.8 -L/usr/lib/gcc/x86_64-linux-gnu/4.8/../../../x86_64-linux-gnu -L/usr/lib/gcc/x86_64-linux-gnu/4.8/../../../../lib -L/lib/x86_64-linux-gnu -L/lib/../lib -L/usr/lib/x86_64-linux-gnu -L/usr/lib/../lib -L/usr/lib/gcc/x86_64-linux-gnu/4.8/../../.. CMakeFiles/cmTryCompileExec1360598192.dir/CMakeCXXCompilerABI.cpp.o -lstdc++ -lm -lgcc_s -lgcc -lc -lgcc_s -lgcc /usr/lib/gcc/x86_64-linux-gnu/4.8/crtend.o /usr/lib/gcc/x86_64-linux-gnu/4.8/../../../x86_64-linux-gnu/crtn.o
make[1]: Leaving directory `/home/abhishek/iiit/project_final_cpp/cair_final/cair_online/build/CMakeFiles/CMakeTmp'


Parsed CXX implicit link information from above output:
  link line regex: [^( *|.*[/\])(ld|([^/\]+-)?ld|collect2)[^/\]*( |$)]
  ignore line: [Change Dir: /home/abhishek/iiit/project_final_cpp/cair_final/cair_online/build/CMakeFiles/CMakeTmp]
  ignore line: []
  ignore line: [Run Build Command:/usr/bin/make "cmTryCompileExec1360598192/fast"]
  ignore line: [/usr/bin/make -f CMakeFiles/cmTryCompileExec1360598192.dir/build.make CMakeFiles/cmTryCompileExec1360598192.dir/build]
  ignore line: [make[1]: Entering directory `/home/abhishek/iiit/project_final_cpp/cair_final/cair_online/build/CMakeFiles/CMakeTmp']
  ignore line: [/usr/bin/cmake -E cmake_progress_report /home/abhishek/iiit/project_final_cpp/cair_final/cair_online/build/CMakeFiles/CMakeTmp/CMakeFiles 1]
  ignore line: [Building CXX object CMakeFiles/cmTryCompileExec1360598192.dir/CMakeCXXCompilerABI.cpp.o]
  ignore line: [/usr/bin/c++     -o CMakeFiles/cmTryCompileExec1360598192.dir/CMakeCXXCompilerABI.cpp.o -c /usr/share/cmake-2.8/Modules/CMakeCXXCompilerABI.cpp]
  ignore line: [Linking CXX executable cmTryCompileExec1360598192]
  ignore line: [/usr/bin/cmake -E cmake_link_script CMakeFiles/cmTryCompileExec1360598192.dir/link.txt --verbose=1]
  ignore line: [/usr/bin/c++      -v CMakeFiles/cmTryCompileExec1360598192.dir/CMakeCXXCompilerABI.cpp.o  -o cmTryCompileExec1360598192 -rdynamic  ]
  ignore line: [Using built-in specs.]
  ignore line: [COLLECT_GCC=/usr/bin/c++]
  ignore line: [COLLECT_LTO_WRAPPER=/usr/lib/gcc/x86_64-linux-gnu/4.8/lto-wrapper]
  ignore line: [Target: x86_64-linux-gnu]
  ignore line: [Configured with: ../src/configure -v --with-pkgversion='Ubuntu 4.8.4-2ubuntu1~14.04.3' --with-bugurl=file:///usr/share/doc/gcc-4.8/README.Bugs --enable-languages=c,c++,java,go,d,fortran,objc,obj-c++ --prefix=/usr --program-suffix=-4.8 --enable-shared --enable-linker-build-id --libexecdir=/usr/lib --without-included-gettext --enable-threads=posix --with-gxx-include-dir=/usr/include/c++/4.8 --libdir=/usr/lib --enable-nls --with-sysroot=/ --enable-clocale=gnu --enable-libstdcxx-debug --enable-libstdcxx-time=yes --enable-gnu-unique-object --disable-libmudflap --enable-plugin --with-system-zlib --disable-browser-plugin --enable-java-awt=gtk --enable-gtk-cairo --with-java-home=/usr/lib/jvm/java-1.5.0-gcj-4.8-amd64/jre --enable-java-home --with-jvm-root-dir=/usr/lib/jvm/java-1.5.0-gcj-4.8-amd64 --with-jvm-jar-dir=/usr/lib/jvm-exports/java-1.5.0-gcj-4.8-amd64 --with-arch-directory=amd64 --with-ecj-jar=/usr/share/java/eclipse-ecj.jar --enable-objc-gc --enable-multiarch --disable-werror --with-arch-32=i686 --with-abi=m64 --with-multilib-list=m32,m64,mx32 --with-tune=generic --enable-checking=release --build=x86_64-linux-gnu --host=x86_64-linux-gnu --target=x86_64-linux-gnu]
  ignore line: [Thread model: posix]
  ignore line: [gcc version 4.8.4 (Ubuntu 4.8.4-2ubuntu1~14.04.3) ]
  ignore line: [COMPILER_PATH=/usr/lib/gcc/x86_64-linux-gnu/4.8/:/usr/lib/gcc/x86_64-linux-gnu/4.8/:/usr/lib/gcc/x86_64-linux-gnu/:/usr/lib/gcc/x86_64-linux-gnu/4.8/:/usr/lib/gcc/x86_64-linux-gnu/]
  ignore line: [LIBRARY_PATH=/usr/lib/gcc/x86_64-linux-gnu/4.8/:/usr/lib/gcc/x86_64-linux-gnu/4.8/../../../x86_64-linux-gnu/:/usr/lib/gcc/x86_64-linux-gnu/4.8/../../../../lib/:/lib/x86_64-linux-gnu/:/lib/../lib/:/usr/lib/x86_64-linux-gnu/:/usr/lib/../lib/:/usr/lib/gcc/x86_64-linux-gnu/4.8/../../../:/lib/:/usr/lib/]
  ignore line: [COLLECT_GCC_OPTIONS='-v' '-o' 'cmTryCompileExec1360598192' '-rdynamic' '-shared-libgcc' '-mtune=generic' '-march=x86-64']
  link line: [ /usr/lib/gcc/x86_64-linux-gnu/4.8/collect2 --sysroot=/ --build-id --eh-frame-hdr -m elf_x86_64 --hash-style=gnu --as-needed -export-dynamic -dynamic-linker /lib64/ld-linux-x86-64.so.2 -z relro -o cmTryCompileExec1360598192 /usr/lib/gcc/x86_64-linux-gnu/4.8/../../../x86_64-linux-gnu/crt1.o /usr/lib/gcc/x86_64-linux-gnu/4.8/../../../x86_64-linux-gnu/crti.o /usr/lib/gcc/x86_64-linux-gnu/4.8/crtbegin.o -L/usr/lib/gcc/x86_64-linux-gnu/4.8 -L/usr/lib/gcc/x86_64-linux-gnu/4.8/../../../x86_64-linux-gnu -L/usr/lib/gcc/x86_64-linux-gnu/4.8/../../../../lib -L/lib/x86_64-linux-gnu -L/lib/../lib -L/usr/lib/x86_64-linux-gnu -L/usr/lib/../lib -L/usr/lib/gcc/x86_64-linux-gnu/4.8/../../.. CMakeFiles/cmTryCompileExec1360598192.dir/CMakeCXXCompilerABI.cpp.o -lstdc++ -lm -lgcc_s -lgcc -lc -lgcc_s -lgcc /usr/lib/gcc/x86_64-linux-gnu/4.8/crtend.o /usr/lib/gcc/x86_64-linux-gnu/4.8/../../../x86_64-linux-gnu/crtn.o]
    arg [/usr/lib/gcc/x86_64-linux-gnu/4.8/collect2] ==> ignore
    arg [--sysroot=/] ==> ignore
    arg [--build-id] ==> ignore
    arg [--eh-frame-hdr] ==> ignore
    arg [-m] ==> ignore
    arg [elf_x86_64] ==> ignore
    arg [--hash-style=gnu] ==> ignore
    arg [--as-needed] ==> ignore
    arg [-export-dynamic] ==> ignore
    arg [-dynamic-linker] ==> ignore
    arg [/lib64/ld-linux-x86-64.so.2] ==> ignore
    arg [-zrelro] ==> ignore
    arg [-o] ==> ignore
    arg [cmTryCompileExec1360598192] ==> ignore
    arg [/usr/lib/gcc/x86_64-linux-gnu/4.8/../../../x86_64-linux-gnu/crt1.o] ==> ignore
    arg [/usr/lib/gcc/x86_64-linux-gnu/4.8/../../../x86_64-linux-gnu/crti.o] ==> ignore
    arg [/usr/lib/gcc/x86_64-linux-gnu/4.8/crtbegin.o] ==> ignore
    arg [-L/usr/lib/gcc/x86_64-linux-gnu/4.8] ==> dir [/usr/lib/gcc/x86_64-linux-gnu/4.8]
    arg [-L/usr/lib/gcc/x86_64-linux-gnu/4.8/../../../x86_64-linux-gnu] ==> dir [/usr/lib/gcc/x86_64-linux-gnu/4.8/../../../x86_64-linux-gnu]
    arg [-L/usr/lib/gcc/x86_64-linux-gnu/4.8/../../../../lib] ==> dir [/usr/lib/gcc/x86_64-linux-gnu/4.8/../../../../lib]
    arg [-L/lib/x86_64-linux-gnu] ==> dir [/lib/x86_64-linux-gnu]
    arg [-L/lib/../lib] ==> dir [/lib/../lib]
    arg [-L/usr/lib/x86_64-linux-gnu] ==> dir [/usr/lib/x86_64-linux-gnu]
    arg [-L/usr/lib/../lib] ==> dir [/usr/lib/../lib]
    arg [-L/usr/lib/gcc/x86_64-linux-gnu/4.8/../../..] ==> dir [/usr/lib/gcc/x86_64-linux-gnu/4.8/../../..]
    arg [CMakeFiles/cmTryCompileExec1360598192.dir/CMakeCXXCompilerABI.cpp.o] ==> ignore
    arg [-lstdc++] ==> lib [stdc++]
    arg [-lm] ==> lib [m]
    arg [-lgcc_s] ==> lib [gcc_s]
    arg [-lgcc] ==> lib [gcc]
    arg [-lc] ==> lib [c]
    arg [-lgcc_s] ==> lib [gcc_s]
    arg [-lgcc] ==> lib [gcc]
    arg [/usr/lib/gcc/x86_64-linux-gnu/4.8/crtend.o] ==> ignore
    arg [/usr/lib/gcc/x86_64-linux-gnu/4.8/../../../x86_64-linux-gnu/crtn.o] ==> ignore
  remove lib [gcc_s]
  remove lib [gcc]
  remove lib [gcc_s]
  remove lib [gcc]
  collapse library dir [/usr/lib/gcc/x86_64-linux-gnu/4.8] ==> [/usr/lib/gcc/x86_64-linux-gnu/4.8]
  collapse library dir [/usr/lib/gcc/x86_64-linux-gnu/4.8/../../../x86_64-linux-gnu] ==> [/usr/lib/x86_64-linux-gnu]
  collapse library dir [/usr/lib/gcc/x86_64-linux-gnu/4.8/../../../../lib] ==> [/usr/lib]
  collapse library dir [/lib/x86_64-linux-gnu] ==> [/lib/x86_64-linux-gnu]
  collapse library dir [/lib/../lib] ==> [/lib]
  collapse library dir [/usr/lib/x86_64-linux-gnu] ==> [/usr/lib/x86_64-linux-gnu]
  collapse library dir [/usr/lib/../lib] ==> [/usr/lib]
  collapse library dir [/usr/lib/gcc/x86_64-linux-gnu/4.8/../../..] ==> [/usr/lib]
  implicit libs: [stdc++;m;c]
  implicit dirs: [/usr/lib/gcc/x86_64-linux-gnu/4.8;/usr/lib/x86_64-linux-gnu;/usr/lib;/lib/x86_64-linux-gnu;/lib]
  implicit fwks: []


Determining if the function sgemm_ exists passed with the following output:
Change Dir: /home/abhishek/iiit/project_final_cpp/cair_final/cair_online/build/CMakeFiles/CMakeTmp

Run Build Command:/usr/bin/make "cmTryCompileExec3934914386/fast"
/usr/bin/make -f CMakeFiles/cmTryCompileExec3934914386.dir/build.make CMakeFiles/cmTryCompileExec3934914386.dir/build
make[1]: Entering directory `/home/abhishek/iiit/project_final_cpp/cair_final/cair_online/build/CMakeFiles/CMakeTmp'
/usr/bin/cmake -E cmake_progress_report /home/abhishek/iiit/project_final_cpp/cair_final/cair_online/build/CMakeFiles/CMakeTmp/CMakeFiles 1
Building C object CMakeFiles/cmTryCompileExec3934914386.dir/CheckFunctionExists.c.o
/usr/bin/cc  -DBLAS_USE_F2C -DCHECK_FUNCTION_EXISTS=sgemm_   -o CMakeFiles/cmTryCompileExec3934914386.dir/CheckFunctionExists.c.o   -c /usr/share/cmake-2.8/Modules/CheckFunctionExists.c
Linking C executable cmTryCompileExec3934914386
/usr/bin/cmake -E cmake_link_script CMakeFiles/cmTryCompileExec3934914386.dir/link.txt --verbose=1
/usr/bin/cc   -DCHECK_FUNCTION_EXISTS=sgemm_    CMakeFiles/cmTryCompileExec3934914386.dir/CheckFunctionExists.c.o  -o cmTryCompileExec3934914386 -rdynamic -lblas 
make[1]: Leaving directory `/home/abhishek/iiit/project_final_cpp/cair_final/cair_online/build/CMakeFiles/CMakeTmp'


Determining if the function cheev_ exists passed with the following output:
Change Dir: /home/abhishek/iiit/project_final_cpp/cair_final/cair_online/build/CMakeFiles/CMakeTmp

Run Build Command:/usr/bin/make "cmTryCompileExec2219099060/fast"
/usr/bin/make -f CMakeFiles/cmTryCompileExec2219099060.dir/build.make CMakeFiles/cmTryCompileExec2219099060.dir/build
make[1]: Entering directory `/home/abhishek/iiit/project_final_cpp/cair_final/cair_online/build/CMakeFiles/CMakeTmp'
/usr/bin/cmake -E cmake_progress_report /home/abhishek/iiit/project_final_cpp/cair_final/cair_online/build/CMakeFiles/CMakeTmp/CMakeFiles 1
Building C object CMakeFiles/cmTryCompileExec2219099060.dir/CheckFunctionExists.c.o
/usr/bin/cc  -DLAPACK_USE_F2C -DCHECK_FUNCTION_EXISTS=cheev_   -o CMakeFiles/cmTryCompileExec2219099060.dir/CheckFunctionExists.c.o   -c /usr/share/cmake-2.8/Modules/CheckFunctionExists.c
Linking C executable cmTryCompileExec2219099060
/usr/bin/cmake -E cmake_link_script CMakeFiles/cmTryCompileExec2219099060.dir/link.txt --verbose=1
/usr/bin/cc   -DCHECK_FUNCTION_EXISTS=cheev_    CMakeFiles/cmTryCompileExec2219099060.dir/CheckFunctionExists.c.o  -o cmTryCompileExec2219099060 -rdynamic -llapack -lblas 
make[1]: Leaving directory `/home/abhishek/iiit/project_final_cpp/cair_final/cair_online/build/CMakeFiles/CMakeTmp'


Determining if the function XOpenDisplay exists in the /usr/lib/x86_64-linux-gnu/libX11.so;/usr/lib/x86_64-linux-gnu/libXext.so passed with the following output:
Change Dir: /home/abhishek/iiit/project_final_cpp/cair_final/cair_online/build/CMakeFiles/CMakeTmp

Run Build Command:/usr/bin/make "cmTryCompileExec3665008413/fast"
/usr/bin/make -f CMakeFiles/cmTryCompileExec3665008413.dir/build.make CMakeFiles/cmTryCompileExec3665008413.dir/build
make[1]: Entering directory `/home/abhishek/iiit/project_final_cpp/cair_final/cair_online/build/CMakeFiles/CMakeTmp'
/usr/bin/cmake -E cmake_progress_report /home/abhishek/iiit/project_final_cpp/cair_final/cair_online/build/CMakeFiles/CMakeTmp/CMakeFiles 1
Building C object CMakeFiles/cmTryCompileExec3665008413.dir/CheckFunctionExists.c.o
/usr/bin/cc  -DLAPACK_USE_F2C -DCHECK_FUNCTION_EXISTS=XOpenDisplay   -o CMakeFiles/cmTryCompileExec3665008413.dir/CheckFunctionExists.c.o   -c /usr/share/cmake-2.8/Modules/CheckFunctionExists.c
Linking C executable cmTryCompileExec3665008413
/usr/bin/cmake -E cmake_link_script CMakeFiles/cmTryCompileExec3665008413.dir/link.txt --verbose=1
/usr/bin/cc   -DCHECK_FUNCTION_EXISTS=XOpenDisplay    CMakeFiles/cmTryCompileExec3665008413.dir/CheckFunctionExists.c.o  -o cmTryCompileExec3665008413 -rdynamic -lX11 -lXext 
make[1]: Leaving directory `/home/abhishek/iiit/project_final_cpp/cair_final/cair_online/build/CMakeFiles/CMakeTmp'


Determining if the function gethostbyname exists passed with the following output:
Change Dir: /home/abhishek/iiit/project_final_cpp/cair_final/cair_online/build/CMakeFiles/CMakeTmp

Run Build Command:/usr/bin/make "cmTryCompileExec3191159869/fast"
/usr/bin/make -f CMakeFiles/cmTryCompileExec3191159869.dir/build.make CMakeFiles/cmTryCompileExec3191159869.dir/build
make[1]: Entering directory `/home/abhishek/iiit/project_final_cpp/cair_final/cair_online/build/CMakeFiles/CMakeTmp'
/usr/bin/cmake -E cmake_progress_report /home/abhishek/iiit/project_final_cpp/cair_final/cair_online/build/CMakeFiles/CMakeTmp/CMakeFiles 1
Building C object CMakeFiles/cmTryCompileExec3191159869.dir/CheckFunctionExists.c.o
/usr/bin/cc  -DLAPACK_USE_F2C -DCHECK_FUNCTION_EXISTS=gethostbyname   -o CMakeFiles/cmTryCompileExec3191159869.dir/CheckFunctionExists.c.o   -c /usr/share/cmake-2.8/Modules/CheckFunctionExists.c
Linking C executable cmTryCompileExec3191159869
/usr/bin/cmake -E cmake_link_script CMakeFiles/cmTryCompileExec3191159869.dir/link.txt --verbose=1
/usr/bin/cc   -DCHECK_FUNCTION_EXISTS=gethostbyname    CMakeFiles/cmTryCompileExec3191159869.dir/CheckFunctionExists.c.o  -o cmTryCompileExec3191159869 -rdynamic 
make[1]: Leaving directory `/home/abhishek/iiit/project_final_cpp/cair_final/cair_online/build/CMakeFiles/CMakeTmp'


Determining if the function connect exists passed with the following output:
Change Dir: /home/abhishek/iiit/project_final_cpp/cair_final/cair_online/build/CMakeFiles/CMakeTmp

Run Build Command:/usr/bin/make "cmTryCompileExec3489618209/fast"
/usr/bin/make -f CMakeFiles/cmTryCompileExec3489618209.dir/build.make CMakeFiles/cmTryCompileExec3489618209.dir/build
make[1]: Entering directory `/home/abhishek/iiit/project_final_cpp/cair_final/cair_online/build/CMakeFiles/CMakeTmp'
/usr/bin/cmake -E cmake_progress_report /home/abhishek/iiit/project_final_cpp/cair_final/cair_online/build/CMakeFiles/CMakeTmp/CMakeFiles 1
Building C object CMakeFiles/cmTryCompileExec3489618209.dir/CheckFunctionExists.c.o
/usr/bin/cc  -DLAPACK_USE_F2C -DCHECK_FUNCTION_EXISTS=connect   -o CMakeFiles/cmTryCompileExec3489618209.dir/CheckFunctionExists.c.o   -c /usr/share/cmake-2.8/Modules/CheckFunctionExists.c
Linking C executable cmTryCompileExec3489618209
/usr/bin/cmake -E cmake_link_script CMakeFiles/cmTryCompileExec3489618209.dir/link.txt --verbose=1
/usr/bin/cc   -DCHECK_FUNCTION_EXISTS=connect    CMakeFiles/cmTryCompileExec3489618209.dir/CheckFunctionExists.c.o  -o cmTryCompileExec3489618209 -rdynamic 
make[1]: Leaving directory `/home/abhishek/iiit/project_final_cpp/cair_final/cair_online/build/CMakeFiles/CMakeTmp'


Determining if the function remove exists passed with the following output:
Change Dir: /home/abhishek/iiit/project_final_cpp/cair_final/cair_online/build/CMakeFiles/CMakeTmp

Run Build Command:/usr/bin/make "cmTryCompileExec2311205927/fast"
/usr/bin/make -f CMakeFiles/cmTryCompileExec2311205927.dir/build.make CMakeFiles/cmTryCompileExec2311205927.dir/build
make[1]: Entering directory `/home/abhishek/iiit/project_final_cpp/cair_final/cair_online/build/CMakeFiles/CMakeTmp'
/usr/bin/cmake -E cmake_progress_report /home/abhishek/iiit/project_final_cpp/cair_final/cair_online/build/CMakeFiles/CMakeTmp/CMakeFiles 1
Building C object CMakeFiles/cmTryCompileExec2311205927.dir/CheckFunctionExists.c.o
/usr/bin/cc  -DLAPACK_USE_F2C -DCHECK_FUNCTION_EXISTS=remove   -o CMakeFiles/cmTryCompileExec2311205927.dir/CheckFunctionExists.c.o   -c /usr/share/cmake-2.8/Modules/CheckFunctionExists.c
Linking C executable cmTryCompileExec2311205927
/usr/bin/cmake -E cmake_link_script CMakeFiles/cmTryCompileExec2311205927.dir/link.txt --verbose=1
/usr/bin/cc   -DCHECK_FUNCTION_EXISTS=remove    CMakeFiles/cmTryCompileExec2311205927.dir/CheckFunctionExists.c.o  -o cmTryCompileExec2311205927 -rdynamic 
make[1]: Leaving directory `/home/abhishek/iiit/project_final_cpp/cair_final/cair_online/build/CMakeFiles/CMakeTmp'


Determining if the function shmat exists passed with the following output:
Change Dir: /home/abhishek/iiit/project_final_cpp/cair_final/cair_online/build/CMakeFiles/CMakeTmp

Run Build Command:/usr/bin/make "cmTryCompileExec3461331611/fast"
/usr/bin/make -f CMakeFiles/cmTryCompileExec3461331611.dir/build.make CMakeFiles/cmTryCompileExec3461331611.dir/build
make[1]: Entering directory `/home/abhishek/iiit/project_final_cpp/cair_final/cair_online/build/CMakeFiles/CMakeTmp'
/usr/bin/cmake -E cmake_progress_report /home/abhishek/iiit/project_final_cpp/cair_final/cair_online/build/CMakeFiles/CMakeTmp/CMakeFiles 1
Building C object CMakeFiles/cmTryCompileExec3461331611.dir/CheckFunctionExists.c.o
/usr/bin/cc  -DLAPACK_USE_F2C -DCHECK_FUNCTION_EXISTS=shmat   -o CMakeFiles/cmTryCompileExec3461331611.dir/CheckFunctionExists.c.o   -c /usr/share/cmake-2.8/Modules/CheckFunctionExists.c
Linking C executable cmTryCompileExec3461331611
/usr/bin/cmake -E cmake_link_script CMakeFiles/cmTryCompileExec3461331611.dir/link.txt --verbose=1
/usr/bin/cc   -DCHECK_FUNCTION_EXISTS=shmat    CMakeFiles/cmTryCompileExec3461331611.dir/CheckFunctionExists.c.o  -o cmTryCompileExec3461331611 -rdynamic 
make[1]: Leaving directory `/home/abhishek/iiit/project_final_cpp/cair_final/cair_online/build/CMakeFiles/CMakeTmp'


Determining if the function IceConnectionNumber exists in the ICE passed with the following output:
Change Dir: /home/abhishek/iiit/project_final_cpp/cair_final/cair_online/build/CMakeFiles/CMakeTmp

Run Build Command:/usr/bin/make "cmTryCompileExec825273928/fast"
/usr/bin/make -f CMakeFiles/cmTryCompileExec825273928.dir/build.make CMakeFiles/cmTryCompileExec825273928.dir/build
make[1]: Entering directory `/home/abhishek/iiit/project_final_cpp/cair_final/cair_online/build/CMakeFiles/CMakeTmp'
/usr/bin/cmake -E cmake_progress_report /home/abhishek/iiit/project_final_cpp/cair_final/cair_online/build/CMakeFiles/CMakeTmp/CMakeFiles 1
Building C object CMakeFiles/cmTryCompileExec825273928.dir/CheckFunctionExists.c.o
/usr/bin/cc  -DLAPACK_USE_F2C -DCHECK_FUNCTION_EXISTS=IceConnectionNumber   -o CMakeFiles/cmTryCompileExec825273928.dir/CheckFunctionExists.c.o   -c /usr/share/cmake-2.8/Modules/CheckFunctionExists.c
Linking C executable cmTryCompileExec825273928
/usr/bin/cmake -E cmake_link_script CMakeFiles/cmTryCompileExec825273928.dir/link.txt --verbose=1
/usr/bin/cc   -DCHECK_FUNCTION_EXISTS=IceConnectionNumber    CMakeFiles/cmTryCompileExec825273928.dir/CheckFunctionExists.c.o  -o cmTryCompileExec825273928 -rdynamic -lICE 
make[1]: Leaving directory `/home/abhishek/iiit/project_final_cpp/cair_final/cair_online/build/CMakeFiles/CMakeTmp'


Determining if the Q_WS_X11 exist passed with the following output:
Change Dir: /home/abhishek/iiit/project_final_cpp/cair_final/cair_online/build/CMakeFiles/CMakeTmp

Run Build Command:/usr/bin/make "cmTryCompileExec2619088338/fast"
/usr/bin/make -f CMakeFiles/cmTryCompileExec2619088338.dir/build.make CMakeFiles/cmTryCompileExec2619088338.dir/build
make[1]: Entering directory `/home/abhishek/iiit/project_final_cpp/cair_final/cair_online/build/CMakeFiles/CMakeTmp'
/usr/bin/cmake -E cmake_progress_report /home/abhishek/iiit/project_final_cpp/cair_final/cair_online/build/CMakeFiles/CMakeTmp/CMakeFiles 1
Building CXX object CMakeFiles/cmTryCompileExec2619088338.dir/CheckSymbolExists.cxx.o
/usr/bin/c++   -DLAPACK_USE_F2C -I/usr/include/qt4    -o CMakeFiles/cmTryCompileExec2619088338.dir/CheckSymbolExists.cxx.o -c /home/abhishek/iiit/project_final_cpp/cair_final/cair_online/build/CMakeFiles/CMakeTmp/CheckSymbolExists.cxx
Linking CXX executable cmTryCompileExec2619088338
/usr/bin/cmake -E cmake_link_script CMakeFiles/cmTryCompileExec2619088338.dir/link.txt --verbose=1
/usr/bin/c++        CMakeFiles/cmTryCompileExec2619088338.dir/CheckSymbolExists.cxx.o  -o cmTryCompileExec2619088338 -rdynamic 
make[1]: Leaving directory `/home/abhishek/iiit/project_final_cpp/cair_final/cair_online/build/CMakeFiles/CMakeTmp'

File /home/abhishek/iiit/project_final_cpp/cair_final/cair_online/build/CMakeFiles/CMakeTmp/CheckSymbolExists.cxx:
/* */
#include <QtCore/qglobal.h>

int main(int argc, char** argv)
{
  (void)argv;
#ifndef Q_WS_X11
  return ((int*)(&Q_WS_X11))[argc];
#else
  (void)argc;
  return 0;
#endif
}

Performing C++ SOURCE FILE Test COMPILER_SUPPORTS_CXX11 succeded with the following output:
Change Dir: /home/abhishek/iiit/project_final_cpp/cair_final/cair_online/build/CMakeFiles/CMakeTmp

Run Build Command:/usr/bin/make "cmTryCompileExec1004796346/fast"
/usr/bin/make -f CMakeFiles/cmTryCompileExec1004796346.dir/build.make CMakeFiles/cmTryCompileExec1004796346.dir/build
make[1]: Entering directory `/home/abhishek/iiit/project_final_cpp/cair_final/cair_online/build/CMakeFiles/CMakeTmp'
/usr/bin/cmake -E cmake_progress_report /home/abhishek/iiit/project_final_cpp/cair_final/cair_online/build/CMakeFiles/CMakeTmp/CMakeFiles 1
Building CXX object CMakeFiles/cmTryCompileExec1004796346.dir/src.cxx.o
/usr/bin/c++    -DCOMPILER_SUPPORTS_CXX11   -std=c++11 -o CMakeFiles/cmTryCompileExec1004796346.dir/src.cxx.o -c /home/abhishek/iiit/project_final_cpp/cair_final/cair_online/build/CMakeFiles/CMakeTmp/src.cxx
Linking CXX executable cmTryCompileExec1004796346
/usr/bin/cmake -E cmake_link_script CMakeFiles/cmTryCompileExec1004796346.dir/link.txt --verbose=1
/usr/bin/c++    -DCOMPILER_SUPPORTS_CXX11    CMakeFiles/cmTryCompileExec1004796346.dir/src.cxx.o  -o cmTryCompileExec1004796346 -rdynamic 
make[1]: Leaving directory `/home/abhishek/iiit/project_final_cpp/cair_final/cair_online/build/CMakeFiles/CMakeTmp'

Source file was:
int main() { return 0;}
Performing C++ SOURCE FILE Test COMPILER_SUPPORTS_CXX0X succeded with the following output:
Change Dir: /home/abhishek/iiit/project_final_cpp/cair_final/cair_online/build/CMakeFiles/CMakeTmp

Run Build Command:/usr/bin/make "cmTryCompileExec2524716189/fast"
/usr/bin/make -f CMakeFiles/cmTryCompileExec2524716189.dir/build.make CMakeFiles/cmTryCompileExec2524716189.dir/build
make[1]: Entering directory `/home/abhishek/iiit/project_final_cpp/cair_final/cair_online/build/CMakeFiles/CMakeTmp'
/usr/bin/cmake -E cmake_progress_report /home/abhishek/iiit/project_final_cpp/cair_final/cair_online/build/CMakeFiles/CMakeTmp/CMakeFiles 1
Building CXX object CMakeFiles/cmTryCompileExec2524716189.dir/src.cxx.o
/usr/bin/c++    -DCOMPILER_SUPPORTS_CXX0X   -std=c++0x -o CMakeFiles/cmTryCompileExec2524716189.dir/src.cxx.o -c /home/abhishek/iiit/project_final_cpp/cair_final/cair_online/build/CMakeFiles/CMakeTmp/src.cxx
Linking CXX executable cmTryCompileExec2524716189
/usr/bin/cmake -E cmake_link_script CMakeFiles/cmTryCompileExec2524716189.dir/link.txt --verbose=1
/usr/bin/c++    -DCOMPILER_SUPPORTS_CXX0X    CMakeFiles/cmTryCompileExec2524716189.dir/src.cxx.o  -o cmTryCompileExec2524716189 -rdynamic 
make[1]: Leaving directory `/home/abhishek/iiit/project_final_cpp/cair_final/cair_online/build/CMakeFiles/CMakeTmp'

Source file was:
int main() { return 0;}
Determining if files pthread.h exist passed with the following output:
Change Dir: /home/abhishek/iiit/project_final_cpp/cair_final/cair_online/build/CMakeFiles/CMakeTmp

Run Build Command:/usr/bin/make "cmTryCompileExec2487840455/fast"
/usr/bin/make -f CMakeFiles/cmTryCompileExec2487840455.dir/build.make CMakeFiles/cmTryCompileExec2487840455.dir/build
make[1]: Entering directory `/home/abhishek/iiit/project_final_cpp/cair_final/cair_online/build/CMakeFiles/CMakeTmp'
/usr/bin/cmake -E cmake_progress_report /home/abhishek/iiit/project_final_cpp/cair_final/cair_online/build/CMakeFiles/CMakeTmp/CMakeFiles 1
Building C object CMakeFiles/cmTryCompileExec2487840455.dir/CheckIncludeFiles.c.o
/usr/bin/cc  -DLAPACK_USE_F2C -Wall -W    -o CMakeFiles/cmTryCompileExec2487840455.dir/CheckIncludeFiles.c.o   -c /home/abhishek/iiit/project_final_cpp/cair_final/cair_online/build/CMakeFiles/CMakeTmp/CheckIncludeFiles.c
Linking C executable cmTryCompileExec2487840455
/usr/bin/cmake -E cmake_link_script CMakeFiles/cmTryCompileExec2487840455.dir/link.txt --verbose=1
/usr/bin/cc    -Wall -W     CMakeFiles/cmTryCompileExec2487840455.dir/CheckIncludeFiles.c.o  -o cmTryCompileExec2487840455 -rdynamic 
make[1]: Leaving directory `/home/abhishek/iiit/project_final_cpp/cair_final/cair_online/build/CMakeFiles/CMakeTmp'


Determining if the function pthread_create exists in the pthread passed with the following output:
Change Dir: /home/abhishek/iiit/project_final_cpp/cair_final/cair_online/build/CMakeFiles/CMakeTmp

Run Build Command:/usr/bin/make "cmTryCompileExec3056541528/fast"
/usr/bin/make -f CMakeFiles/cmTryCompileExec3056541528.dir/build.make CMakeFiles/cmTryCompileExec3056541528.dir/build
make[1]: Entering directory `/home/abhishek/iiit/project_final_cpp/cair_final/cair_online/build/CMakeFiles/CMakeTmp'
/usr/bin/cmake -E cmake_progress_report /home/abhishek/iiit/project_final_cpp/cair_final/cair_online/build/CMakeFiles/CMakeTmp/CMakeFiles 1
Building C object CMakeFiles/cmTryCompileExec3056541528.dir/CheckFunctionExists.c.o
/usr/bin/cc  -DLAPACK_USE_F2C -Wall -W -DCHECK_FUNCTION_EXISTS=pthread_create   -o CMakeFiles/cmTryCompileExec3056541528.dir/CheckFunctionExists.c.o   -c /usr/share/cmake-2.8/Modules/CheckFunctionExists.c
Linking C executable cmTryCompileExec3056541528
/usr/bin/cmake -E cmake_link_script CMakeFiles/cmTryCompileExec3056541528.dir/link.txt --verbose=1
/usr/bin/cc    -Wall -W -DCHECK_FUNCTION_EXISTS=pthread_create    CMakeFiles/cmTryCompileExec3056541528.dir/CheckFunctionExists.c.o  -o cmTryCompileExec3056541528 -rdynamic -lpthread 
make[1]: Leaving directory `/home/abhishek/iiit/project_final_cpp/cair_final/cair_online/build/CMakeFiles/CMakeTmp'


