Determining if the Q_WS_WIN exist failed with the following output:
Change Dir: /home/abhishek/g2o/CMakeFiles/CMakeTmp

Run Build Command:/usr/bin/make "cmTryCompileExec2397835025/fast"
/usr/bin/make -f CMakeFiles/cmTryCompileExec2397835025.dir/build.make CMakeFiles/cmTryCompileExec2397835025.dir/build
make[1]: Entering directory `/home/abhishek/g2o/CMakeFiles/CMakeTmp'
/usr/bin/cmake -E cmake_progress_report /home/abhishek/g2o/CMakeFiles/CMakeTmp/CMakeFiles 1
Building CXX object CMakeFiles/cmTryCompileExec2397835025.dir/CheckSymbolExists.cxx.o
/usr/bin/c++   -DLAPACK_USE_F2C -I/usr/include/qt4    -o CMakeFiles/cmTryCompileExec2397835025.dir/CheckSymbolExists.cxx.o -c /home/abhishek/g2o/CMakeFiles/CMakeTmp/CheckSymbolExists.cxx
/home/abhishek/g2o/CMakeFiles/CMakeTmp/CheckSymbolExists.cxx: In function ‘int main(int, char**)’:
/home/abhishek/g2o/CMakeFiles/CMakeTmp/CheckSymbolExists.cxx:8:19: error: ‘Q_WS_WIN’ was not declared in this scope
   return ((int*)(&Q_WS_WIN))[argc];
                   ^
make[1]: *** [CMakeFiles/cmTryCompileExec2397835025.dir/CheckSymbolExists.cxx.o] Error 1
make[1]: Leaving directory `/home/abhishek/g2o/CMakeFiles/CMakeTmp'
make: *** [cmTryCompileExec2397835025/fast] Error 2

File /home/abhishek/g2o/CMakeFiles/CMakeTmp/CheckSymbolExists.cxx:
/* */
#include <QtCore/qglobal.h>

int main(int argc, char** argv)
{
  (void)argv;
#ifndef Q_WS_WIN
  return ((int*)(&Q_WS_WIN))[argc];
#else
  (void)argc;
  return 0;
#endif
}

Determining if the Q_WS_QWS exist failed with the following output:
Change Dir: /home/abhishek/g2o/CMakeFiles/CMakeTmp

Run Build Command:/usr/bin/make "cmTryCompileExec1895144278/fast"
/usr/bin/make -f CMakeFiles/cmTryCompileExec1895144278.dir/build.make CMakeFiles/cmTryCompileExec1895144278.dir/build
make[1]: Entering directory `/home/abhishek/g2o/CMakeFiles/CMakeTmp'
/usr/bin/cmake -E cmake_progress_report /home/abhishek/g2o/CMakeFiles/CMakeTmp/CMakeFiles 1
Building CXX object CMakeFiles/cmTryCompileExec1895144278.dir/CheckSymbolExists.cxx.o
/usr/bin/c++   -DLAPACK_USE_F2C -I/usr/include/qt4    -o CMakeFiles/cmTryCompileExec1895144278.dir/CheckSymbolExists.cxx.o -c /home/abhishek/g2o/CMakeFiles/CMakeTmp/CheckSymbolExists.cxx
/home/abhishek/g2o/CMakeFiles/CMakeTmp/CheckSymbolExists.cxx: In function ‘int main(int, char**)’:
/home/abhishek/g2o/CMakeFiles/CMakeTmp/CheckSymbolExists.cxx:8:19: error: ‘Q_WS_QWS’ was not declared in this scope
   return ((int*)(&Q_WS_QWS))[argc];
                   ^
make[1]: *** [CMakeFiles/cmTryCompileExec1895144278.dir/CheckSymbolExists.cxx.o] Error 1
make[1]: Leaving directory `/home/abhishek/g2o/CMakeFiles/CMakeTmp'
make: *** [cmTryCompileExec1895144278/fast] Error 2

File /home/abhishek/g2o/CMakeFiles/CMakeTmp/CheckSymbolExists.cxx:
/* */
#include <QtCore/qglobal.h>

int main(int argc, char** argv)
{
  (void)argv;
#ifndef Q_WS_QWS
  return ((int*)(&Q_WS_QWS))[argc];
#else
  (void)argc;
  return 0;
#endif
}

Determining if the Q_WS_MAC exist failed with the following output:
Change Dir: /home/abhishek/g2o/CMakeFiles/CMakeTmp

Run Build Command:/usr/bin/make "cmTryCompileExec454461721/fast"
/usr/bin/make -f CMakeFiles/cmTryCompileExec454461721.dir/build.make CMakeFiles/cmTryCompileExec454461721.dir/build
make[1]: Entering directory `/home/abhishek/g2o/CMakeFiles/CMakeTmp'
/usr/bin/cmake -E cmake_progress_report /home/abhishek/g2o/CMakeFiles/CMakeTmp/CMakeFiles 1
Building CXX object CMakeFiles/cmTryCompileExec454461721.dir/CheckSymbolExists.cxx.o
/usr/bin/c++   -DLAPACK_USE_F2C -I/usr/include/qt4    -o CMakeFiles/cmTryCompileExec454461721.dir/CheckSymbolExists.cxx.o -c /home/abhishek/g2o/CMakeFiles/CMakeTmp/CheckSymbolExists.cxx
/home/abhishek/g2o/CMakeFiles/CMakeTmp/CheckSymbolExists.cxx: In function ‘int main(int, char**)’:
/home/abhishek/g2o/CMakeFiles/CMakeTmp/CheckSymbolExists.cxx:8:19: error: ‘Q_WS_MAC’ was not declared in this scope
   return ((int*)(&Q_WS_MAC))[argc];
                   ^
make[1]: *** [CMakeFiles/cmTryCompileExec454461721.dir/CheckSymbolExists.cxx.o] Error 1
make[1]: Leaving directory `/home/abhishek/g2o/CMakeFiles/CMakeTmp'
make: *** [cmTryCompileExec454461721/fast] Error 2

File /home/abhishek/g2o/CMakeFiles/CMakeTmp/CheckSymbolExists.cxx:
/* */
#include <QtCore/qglobal.h>

int main(int argc, char** argv)
{
  (void)argv;
#ifndef Q_WS_MAC
  return ((int*)(&Q_WS_MAC))[argc];
#else
  (void)argc;
  return 0;
#endif
}

